<?xml version="1.0" encoding="UTF-8"?>
<!-- Generated by org.testng.reporters.JUnitXMLReporter -->
<testsuite ignored="2" hostname="DESKTOP-401KMEB" failures="0" tests="1" name="Loan Details" time="0.021" errors="0" timestamp="2022-05-21T16:36:37 IST">
  <testcase classname="Test.PersonalLoan" name="@BeforeMethod bfmethod" time="-1.653131196995E9">
    <failure type="org.testng.TestNGException" message="
Parameter &amp;apos;URL&amp;apos; is required by BeforeMethod on method bfmethod but has not been marked @Optional or defined
in C:\Eclipse\Selenium\TestNG Framework\XML\testng.xml">
      <![CDATA[org.testng.TestNGException: 
Parameter 'URL' is required by BeforeMethod on method bfmethod but has not been marked @Optional or defined
in C:\Eclipse\Selenium\TestNG Framework\XML\testng.xml
at java.base/java.util.ArrayList.forEach(ArrayList.java:1511)
... Removed 28 stack frames]]>
    </failure>
  </testcase> <!-- @BeforeMethod bfmethod -->
  <testcase classname="Test.PersonalLoan" name="HomeWebLogin" time="0.0">
    <skipped/>
  </testcase> <!-- HomeWebLogin -->
  <testcase classname="Test.PersonalLoan" name="APILogin" time="0.0">
    <ignored/>
  </testcase> <!-- APILogin -->
  <testcase classname="Test.PersonalLoan" name="HomeMobileLogin" time="0.0">
    <ignored/>
  </testcase> <!-- HomeMobileLogin -->
</testsuite> <!-- Loan Details -->
